<?xml version="1.0" encoding="UTF-8"?>
<!-- Generated by org.testng.reporters.JUnitReportReporter -->
<testsuite hostname="QualiTest-Hemanth" name="com.sample.firstmavenproject.App" tests="1" failures="0" timestamp="2 Aug 2015 12:37:27 GMT" time="6.817" errors="0">
  <testcase name="testHemanth" time="6.817" classname="com.sample.firstmavenproject.App"/>
</testsuite> <!-- com.sample.firstmavenproject.App -->
