<?xml version="1.0" encoding="UTF-8"?>
<!-- Generated by org.testng.reporters.JUnitReportReporter -->
<testsuite hostname="Qualitest-PC" name="com.trendin.tests.TestChangePasswordPage" tests="12" failures="0" timestamp="1 Sep 2015 06:35:13 GMT" time="739.292" errors="0">
  <testcase name="testModifyOldPassword" time="174.294" classname="com.trendin.tests.TestChangePasswordPage"/>
  <testcase name="testvalidateErrorMessageForPasswordField" time="36.663" classname="com.trendin.tests.TestChangePasswordPage"/>
  <testcase name="testChangePasswordAccountPage" time="36.692" classname="com.trendin.tests.TestChangePasswordPage"/>
  <testcase name="testvalidateErrorMessageForPasswordTextfields" time="30.693" classname="com.trendin.tests.TestChangePasswordPage"/>
  <testcase name="testValidateNewPasswordTextField" time="213.304" classname="com.trendin.tests.TestChangePasswordPage"/>
  <testcase name="testvalidateInvalidMismatchNewAndCofirmPassword" time="38.593" classname="com.trendin.tests.TestChangePasswordPage"/>
  <testcase name="testValidateNewPasswordField" time="36.051" classname="com.trendin.tests.TestChangePasswordPage"/>
  <testcase name="testvalidateErrorMessageForEmptyPasswordField" time="34.670" classname="com.trendin.tests.TestChangePasswordPage"/>
  <testcase name="testValidateInvalidCofirmPassword" time="32.273" classname="com.trendin.tests.TestChangePasswordPage"/>
  <testcase name="testValidateInvalidNewPasswordTextField" time="34.829" classname="com.trendin.tests.TestChangePasswordPage"/>
  <testcase name="testValidateInvalidOldPassword" time="38.425" classname="com.trendin.tests.TestChangePasswordPage"/>
  <testcase name="testModifyOldPasswordPreRequisite" time="32.805" classname="com.trendin.tests.TestChangePasswordPage"/>
</testsuite> <!-- com.trendin.tests.TestChangePasswordPage -->
