<?xml version="1.0" encoding="UTF-8"?>
<!-- Generated by org.testng.reporters.JUnitReportReporter -->
<testsuite hostname="QualiTest-PC" name="com.trendin.tests.TestTrackOrder" tests="11" failures="0" timestamp="16 Sep 2015 15:21:19 GMT" time="347.150" errors="0">
  <testcase name="verifyErrorMsgForEmptyMailIdAndOrderNo" time="27.612" classname="com.trendin.tests.TestTrackOrder"/>
  <testcase name="verifyTrackOrderForRegisterUser" time="35.824" classname="com.trendin.tests.TestTrackOrder"/>
  <testcase name="verifyTrackOrderMsgForRegisterUserEmptyOrderNumber" time="35.878" classname="com.trendin.tests.TestTrackOrder"/>
  <testcase name="verifyTrackOrderForRegisterUserInvalidOrderNumber" time="39.391" classname="com.trendin.tests.TestTrackOrder"/>
  <testcase name="verifyErrorMsgForMailOrderNo" time="30.563" classname="com.trendin.tests.TestTrackOrder"/>
  <testcase name="testTrackOrderPopUp" time="20.692" classname="com.trendin.tests.TestTrackOrder"/>
  <testcase name="verifyEmailIdTextBox" time="34.147" classname="com.trendin.tests.TestTrackOrder"/>
  <testcase name="testTrack" time="22.262" classname="com.trendin.tests.TestTrackOrder"/>
  <testcase name="verifyErrorMsgForOthersEmailIdAndOrderNo" time="29.476" classname="com.trendin.tests.TestTrackOrder"/>
  <testcase name="verifySignUpPageWhenClickOnLoginForMore" time="34.896" classname="com.trendin.tests.TestTrackOrder"/>
  <testcase name="verifyTrackOrderMsgForRegisterUserOthersOrderNumber" time="36.409" classname="com.trendin.tests.TestTrackOrder"/>
</testsuite> <!-- com.trendin.tests.TestTrackOrder -->
