<?xml version="1.0" encoding="UTF-8"?>
<!-- Generated by org.testng.reporters.JUnitReportReporter -->
<testsuite hostname="QualiTest-PC" name="com.trendin.tests.TestSignInWithSocialLoginPage" tests="1" failures="0" timestamp="15 Sep 2015 05:25:14 GMT" time="64.277" errors="0">
  <testcase name="testVerifyPageIsNavigatedToGmail" time="64.277" classname="com.trendin.tests.TestSignInWithSocialLoginPage"/>
</testsuite> <!-- com.trendin.tests.TestSignInWithSocialLoginPage -->
