<?xml version="1.0" encoding="UTF-8"?>
<!-- Generated by org.testng.reporters.JUnitReportReporter -->
<testsuite hostname="Qualitest-PC" name="com.trendin.tests.TestPaymentPage" tests="1" failures="0" timestamp="2 Sep 2015 05:02:04 GMT" time="81.182" errors="0">
  <testcase name="testVerifyDeleteFunctionality" time="81.182" classname="com.trendin.tests.TestPaymentPage"/>
</testsuite> <!-- com.trendin.tests.TestPaymentPage -->
