<?xml version="1.0" encoding="UTF-8"?>
<!-- Generated by org.testng.reporters.JUnitReportReporter -->
<testsuite hostname="QualiTest-PC" name="com.trendin.tests.TestLouisPhilippePage" tests="1" failures="0" timestamp="28 Sep 2015 07:18:48 GMT" time="115.065" errors="0">
  <testcase name="testVerifyForBuyNowInQuickViewFuctionality" time="115.065" classname="com.trendin.tests.TestLouisPhilippePage"/>
</testsuite> <!-- com.trendin.tests.TestLouisPhilippePage -->
