<?xml version="1.0" encoding="UTF-8"?>
<!-- Generated by org.testng.reporters.JUnitReportReporter -->
<testsuite hostname="QualiTest-PC" name="com.trendin.tests.TestValidation" tests="1" failures="0" timestamp="19 Aug 2015 07:20:30 GMT" time="45.556" errors="0">
  <testcase name="testValidationMobileNumber" time="45.556" classname="com.trendin.tests.TestValidation"/>
</testsuite> <!-- com.trendin.tests.TestValidation -->
