<?xml version="1.0" encoding="UTF-8"?>
<!-- Generated by org.testng.reporters.JUnitReportReporter -->
<testsuite hostname="qualitest-PC" name="com.trendin.tests.TestPages" tests="4" failures="0" timestamp="3 Aug 2015 12:02:49 GMT" time="12.079" errors="0">
  <testcase name="verifyContactUsTiny" time="3.439" classname="com.trendin.tests.TestPages"/>
  <testcase name="testFirstTestCase" time="0.172" classname="com.trendin.tests.TestPages"/>
  <testcase name="verifyMyAccountTestCase" time="3.940" classname="com.trendin.tests.TestPages"/>
  <testcase name="verifyContactUsBottom" time="4.528" classname="com.trendin.tests.TestPages"/>
</testsuite> <!-- com.trendin.tests.TestPages -->
