<?xml version="1.0" encoding="UTF-8"?>
<!-- Generated by org.testng.reporters.JUnitReportReporter -->
<testsuite hostname="QualiTest-PC" name="com.trendin.core.TestLinks" tests="1" failures="0" timestamp="18 Aug 2015 13:47:53 GMT" time="321.158" errors="0">
  <testcase name="beginTest" time="321.158" classname="com.trendin.core.TestLinks"/>
</testsuite> <!-- com.trendin.core.TestLinks -->
