<?xml version="1.0" encoding="UTF-8"?>
<!-- Generated by org.testng.reporters.JUnitReportReporter -->
<testsuite hostname="QualiTest-PC" name="com.trendin.tests.TestCategoryModulePage" tests="1" failures="0" timestamp="15 Sep 2015 06:29:00 GMT" time="53.476" errors="0">
  <testcase name="verifyHomePage" time="53.476" classname="com.trendin.tests.TestCategoryModulePage"/>
</testsuite> <!-- com.trendin.tests.TestCategoryModulePage -->
