<?xml version="1.0" encoding="UTF-8"?>
<!-- Generated by org.testng.reporters.JUnitReportReporter -->
<testsuite hostname="QualiTest-PC" name="com.trendin.tests.TestLoginPage" tests="1" failures="0" timestamp="23 Sep 2015 06:23:48 GMT" time="57.915" errors="0">
  <testcase name="testVerifyMyPersonalInfoNewUserPage" time="57.915" classname="com.trendin.tests.TestLoginPage"/>
</testsuite> <!-- com.trendin.tests.TestLoginPage -->
