<?xml version="1.0" encoding="UTF-8"?>
<!-- Generated by org.testng.reporters.JUnitReportReporter -->
<testsuite hostname="QualiTest-Hemanth" name="com.sample.firstmavenproject.TestPages" tests="1" failures="0" timestamp="2 Aug 2015 13:25:46 GMT" time="0.048" errors="0">
  <testcase name="testFirstTestCase" time="0.048" classname="com.sample.firstmavenproject.TestPages"/>
</testsuite> <!-- com.sample.firstmavenproject.TestPages -->
